<?xml version="1.0" encoding="UTF-8" ?>
<testsuite errors="1" failures="0" hostname="HOME" name="mindbadger.acceptance.IRunATest" tests="1" time="0.383" timestamp="2011-03-23T20:34:28">
  <properties>
[...]
</properties>
  <testcase classname="mindbadger.acceptance.IRunATest" name="run" time="0.252">
    <error message="Failures in running stories mindbadger/acceptance/i_run_a_test.story" type="org.jbehave.core.embedder.Embedder$RunningStoriesFailed">org.jbehave.core.embedder.Embedder$RunningStoriesFailed: Failures in running stories mindbadger/acceptance/i_run_a_test.story
	at org.jbehave.core.embedder.Embedder.runStoriesAsPaths(Embedder.java:211)
	at org.jbehave.core.junit.JUnitStory.run(JUnitStory.java:23)
Caused by: java.lang.NoClassDefFoundError: org/apache/commons/io/IOUtils
	at org.jbehave.core.io.LoadFromClasspath.loadResourceAsText(LoadFromClasspath.java:35)
	at org.jbehave.core.io.LoadFromClasspath.loadStoryAsText(LoadFromClasspath.java:42)
	at org.jbehave.core.embedder.StoryRunner.storyOfPath(StoryRunner.java:94)
	at org.jbehave.core.embedder.Embedder.runStoriesAsPaths(Embedder.java:201)
Caused by: java.lang.ClassNotFoundException: org.apache.commons.io.IOUtils
	at java.net.URLClassLoader$1.run(URLClassLoader.java:200)
	at java.security.AccessController.doPrivileged(Native Method)
	at java.net.URLClassLoader.findClass(URLClassLoader.java:188)
	at java.lang.ClassLoader.loadClass(ClassLoader.java:307)
	at sun.misc.Launcher$AppClassLoader.loadClass(Launcher.java:301)
	at java.lang.ClassLoader.loadClass(ClassLoader.java:252)
	at java.lang.ClassLoader.loadClassInternal(ClassLoader.java:320)
</error>
  </testcase>
  <system-out><![CDATA[Processing system properties {}
Running story mindbadger/acceptance/i_run_a_test.story
]]></system-out>
  <system-err><![CDATA[]]></system-err>
</testsuite>
